0 info it worked if it ends with ok
1 verbose cli [ 'C:\\Program Files\\nodejs\\\\node.exe',
1 verbose cli   'C:\\Program Files\\nodejs\\node_modules\\npm\\bin\\npm-cli.js',
1 verbose cli   'uninstall',
1 verbose cli   'gulp' ]
2 info using npm@1.4.3
3 info using node@v0.10.26
4 verbose node symlink C:\Program Files\nodejs\\node.exe
5 info C:\users\David\Documents\GitHub\homepage\node_modules\gulp unbuild
6 error Error: EPERM, unlink 'C:\users\David\Documents\GitHub\homepage\node_modules\gulp\node_modules\vinyl-fs\node_modules\glob-stream\node_modules\glob2base\node_modules\lodash.findindex\node_modules\lodash.createcallback\node_modules\lodash._baseisequal\node_modules\lodash._getarray'
6 error  { [Error: EPERM, unlink 'C:\users\David\Documents\GitHub\homepage\node_modules\gulp\node_modules\vinyl-fs\node_modules\glob-stream\node_modules\glob2base\node_modules\lodash.findindex\node_modules\lodash.createcallback\node_modules\lodash._baseisequal\node_modules\lodash._getarray']
6 error   errno: 50,
6 error   code: 'EPERM',
6 error   path: 'C:\\users\\David\\Documents\\GitHub\\homepage\\node_modules\\gulp\\node_modules\\vinyl-fs\\node_modules\\glob-stream\\node_modules\\glob2base\\node_modules\\lodash.findindex\\node_modules\\lodash.createcallback\\node_modules\\lodash._baseisequal\\node_modules\\lodash._getarray' }
7 error Please try running this command again as root/Administrator.
8 error System Windows_NT 6.2.9200
9 error command "C:\\Program Files\\nodejs\\\\node.exe" "C:\\Program Files\\nodejs\\node_modules\\npm\\bin\\npm-cli.js" "uninstall" "gulp"
10 error cwd C:\users\David\Documents\GitHub\homepage
11 error node -v v0.10.26
12 error npm -v 1.4.3
13 error path C:\users\David\Documents\GitHub\homepage\node_modules\gulp\node_modules\vinyl-fs\node_modules\glob-stream\node_modules\glob2base\node_modules\lodash.findindex\node_modules\lodash.createcallback\node_modules\lodash._baseisequal\node_modules\lodash._getarray
14 error code EPERM
15 error errno 50
16 error stack Error: EPERM, unlink 'C:\users\David\Documents\GitHub\homepage\node_modules\gulp\node_modules\vinyl-fs\node_modules\glob-stream\node_modules\glob2base\node_modules\lodash.findindex\node_modules\lodash.createcallback\node_modules\lodash._baseisequal\node_modules\lodash._getarray'
17 verbose exit [ 50, true ]
